<?xml version="1.0" encoding="UTF-8"?>
<testsuite xmlns:xsi="http://www.w3.org/2001/XMLSchema-instance" xsi:noNamespaceSchemaLocation="https://maven.apache.org/surefire/maven-surefire-plugin/xsd/surefire-test-report-3.0.xsd" version="3.0" name="com.emr.grpcclientdemo.GrpcClientDemoApplicationTests" time="3.065" tests="1" errors="0" skipped="0" failures="0">
  <properties>
[...]
</properties>
  <testcase name="contextLoads" classname="com.emr.grpcclientdemo.GrpcClientDemoApplicationTests" time="1.371">
    <system-out><![CDATA[22:27:24.641 [main] INFO org.springframework.test.context.support.AnnotationConfigContextLoaderUtils -- Could not detect default configuration classes for test class [com.emr.grpcclientdemo.GrpcClientDemoApplicationTests]: GrpcClientDemoApplicationTests does not declare any static, non-private, non-final, nested classes annotated with @Configuration.
22:27:24.792 [main] INFO org.springframework.boot.test.context.SpringBootTestContextBootstrapper -- Found @SpringBootConfiguration com.emr.grpcclientdemo.GrpcClientDemoApplication for test class com.emr.grpcclientdemo.GrpcClientDemoApplicationTests

  .   ____          _            __ _ _
 /\\ / ___'_ __ _ _(_)_ __  __ _ \ \ \ \
( ( )\___ | '_ | '_| | '_ \/ _` | \ \ \ \
 \\/  ___)| |_)| | | | | || (_| |  ) ) ) )
  '  |____| .__|_| |_|_| |_\__, | / / / /
 =========|_|==============|___/=/_/_/_/
 :: Spring Boot ::                (v3.2.2)

2024-02-17T22:27:25.377+03:00  INFO 14560 --- [           main] c.e.g.GrpcClientDemoApplicationTests     : Starting GrpcClientDemoApplicationTests using Java 21 with PID 14560 (started by fmss in /Users/fmss/Desktop/spring-projects/grpc-client-demo)
2024-02-17T22:27:25.421+03:00  INFO 14560 --- [           main] c.e.g.GrpcClientDemoApplicationTests     : No active profile set, falling back to 1 default profile: "default"
2024-02-17T22:27:26.085+03:00  INFO 14560 --- [           main] c.e.g.GrpcClientDemoApplicationTests     : Started GrpcClientDemoApplicationTests in 1.095 seconds (process running for 2.574)
]]></system-out>
    <system-err><![CDATA[WARNING: A Java agent has been loaded dynamically (/Users/fmss/.m2/repository/net/bytebuddy/byte-buddy-agent/1.14.11/byte-buddy-agent-1.14.11.jar)
WARNING: If a serviceability tool is in use, please run with -XX:+EnableDynamicAgentLoading to hide this warning
WARNING: If a serviceability tool is not in use, please run with -Djdk.instrument.traceUsage for more information
WARNING: Dynamic loading of agents will be disallowed by default in a future release
]]></system-err>
  </testcase>
</testsuite>